<?xml version="1.0" encoding="UTF-8"?>
<!-- Generated by org.testng.reporters.JUnitReportReporter -->
<testsuite hostname="SRODSK3X1ZKY1" name="com.optus.wordcount.service.impl.CounterServiceImplTest" tests="1" failures="0" timestamp="4 Feb 2016 04:34:09 GMT" time="0.014" errors="0">
  <testcase name="countEveryWordTest" time="0.014" classname="com.optus.wordcount.service.impl.CounterServiceImplTest"/>
</testsuite> <!-- com.optus.wordcount.service.impl.CounterServiceImplTest -->
